<?xml version="1.0" encoding="UTF-8"?>
<!-- Generated by org.testng.reporters.JUnitReportReporter -->
<testsuite hostname="DESKTOP-SN36904" failures="0" tests="2" name="testcases.TC003_LoginDDT" time="33.045" errors="0" timestamp="2025-02-11T17:46:31 IST" skipped="0">
  <testcase classname="testcases.TC003_LoginDDT" name="verify_loginDDT" time="12.701"/>
  <testcase classname="testcases.TC003_LoginDDT" name="verify_loginDDT" time="20.344"/>
</testsuite> <!-- testcases.TC003_LoginDDT -->
