<?xml version="1.0" encoding="UTF-8"?>
<!-- Generated by org.testng.reporters.JUnitReportReporter -->
<testsuite hostname="DESKTOP-SN36904" failures="0" tests="1" name="testcases.TC004_QuickLaunch" time="7.308" errors="0" timestamp="2025-02-05T17:34:14 IST" skipped="0">
  <testcase classname="testcases.TC004_QuickLaunch" name="quickLaunch" time="7.308"/>
</testsuite> <!-- testcases.TC004_QuickLaunch -->
