<?xml version="1.0" encoding="UTF-8"?>
<!-- Generated by org.testng.reporters.JUnitReportReporter -->
<testsuite hostname="DESKTOP-SN36904" failures="0" tests="1" name="testcases.TC001_Login" time="19.644" errors="0" timestamp="2025-02-11T17:58:30 IST" skipped="0">
  <testcase classname="testcases.TC001_Login" name="login" time="19.644"/>
</testsuite> <!-- testcases.TC001_Login -->
